<?xml version="1.0" encoding="UTF-8"?>
<!-- Generated by org.testng.reporters.JUnitXMLReporter -->
<testsuite ignored="0" hostname="AbhishekKumarPC" failures="0" tests="4" name="Default test" time="98.643" errors="0" timestamp="2025-06-10T14:16:04 IST">
  <testcase classname="com.crm.qa.testCases.ContactsPageTest" name="enterDetailsContactForm" time="18.681"/>
  <testcase classname="com.crm.qa.testCases.ContactsPageTest" name="enterDetailsContactForm" time="18.715"/>
  <testcase classname="com.crm.qa.testCases.ContactsPageTest" name="enterDetailsContactForm" time="18.734"/>
  <testcase classname="com.crm.qa.testCases.ContactsPageTest" name="validateContactsLabel" time="15.088"/>
</testsuite> <!-- Default test -->
