<?xml version="1.0" encoding="UTF-8"?>
<!-- Generated by org.testng.reporters.JUnitXMLReporter -->
<testsuite ignored="0" hostname="AbhishekKumarPC" failures="0" tests="6" name="Free CRM App Test Cases" time="172.884" errors="0" timestamp="2025-06-11T09:35:22 IST">
  <testcase classname="com.crm.qa.testCases.ContactsPageTest" name="enterDetailsContactForm" time="20.099"/>
  <testcase classname="com.crm.qa.testCases.ContactsPageTest" name="enterDetailsContactForm" time="20.61"/>
  <testcase classname="com.crm.qa.testCases.ContactsPageTest" name="enterDetailsContactForm" time="21.23"/>
  <testcase classname="com.crm.qa.testCases.ContactsPageTest" name="validateContactsLabel" time="15.336"/>
  <testcase classname="com.crm.qa.testCases.HomePageTest" name="verifyHomePageTitle" time="0.023"/>
  <testcase classname="com.crm.qa.testCases.HomePageTest" name="verifyUserName" time="2.22"/>
</testsuite> <!-- Free CRM App Test Cases -->
