<?xml version="1.0" encoding="UTF-8"?>
<testng-results ignored="0" total="6" passed="6" failed="0" skipped="0">
  <reporter-output>
  </reporter-output>
  <suite started-at="2025-06-12T19:11:44 IST" name="Test Suite" finished-at="2025-06-12T19:13:57 IST" duration-ms="133065">
    <groups>
    </groups>
    <test started-at="2025-06-12T19:11:44 IST" name="Free CRM App Test Cases" finished-at="2025-06-12T19:13:57 IST" duration-ms="133065">
      <class name="com.crm.qa.testCases.HomePageTest">
        <test-method is-config="true" signature="setUp()[pri:0, instance:com.crm.qa.testCases.HomePageTest@757acd7b]" started-at="2025-06-12T19:13:38 IST" name="setUp" finished-at="2025-06-12T19:13:46 IST" duration-ms="7889" status="PASS">
          <reporter-output>
          </reporter-output>
        </test-method> <!-- setUp -->
        <test-method signature="verifyHomePageTitle()[pri:1, instance:com.crm.qa.testCases.HomePageTest@757acd7b]" started-at="2025-06-12T19:13:46 IST" name="verifyHomePageTitle" finished-at="2025-06-12T19:13:46 IST" duration-ms="14" status="PASS">
          <reporter-output>
          </reporter-output>
        </test-method> <!-- verifyHomePageTitle -->
        <test-method is-config="true" signature="tearDown()[pri:0, instance:com.crm.qa.testCases.HomePageTest@757acd7b]" started-at="2025-06-12T19:13:46 IST" name="tearDown" finished-at="2025-06-12T19:13:47 IST" duration-ms="736" status="PASS">
          <reporter-output>
          </reporter-output>
        </test-method> <!-- tearDown -->
        <test-method is-config="true" signature="setUp()[pri:0, instance:com.crm.qa.testCases.HomePageTest@757acd7b]" started-at="2025-06-12T19:13:47 IST" name="setUp" finished-at="2025-06-12T19:13:55 IST" duration-ms="8227" status="PASS">
          <reporter-output>
          </reporter-output>
        </test-method> <!-- setUp -->
        <test-method signature="verifyUserName()[pri:2, instance:com.crm.qa.testCases.HomePageTest@757acd7b]" started-at="2025-06-12T19:13:55 IST" name="verifyUserName" finished-at="2025-06-12T19:13:57 IST" duration-ms="2099" status="PASS">
          <reporter-output>
          </reporter-output>
        </test-method> <!-- verifyUserName -->
        <test-method is-config="true" signature="tearDown()[pri:0, instance:com.crm.qa.testCases.HomePageTest@757acd7b]" started-at="2025-06-12T19:13:57 IST" name="tearDown" finished-at="2025-06-12T19:13:57 IST" duration-ms="314" status="PASS">
          <reporter-output>
          </reporter-output>
        </test-method> <!-- tearDown -->
      </class> <!-- com.crm.qa.testCases.HomePageTest -->
      <class name="com.crm.qa.testCases.ContactsPageTest">
        <test-method is-config="true" signature="setUp()[pri:0, instance:com.crm.qa.testCases.ContactsPageTest@5f8edcc5]" started-at="2025-06-12T19:11:46 IST" name="setUp" finished-at="2025-06-12T19:11:55 IST" duration-ms="9219" status="PASS">
          <reporter-output>
          </reporter-output>
        </test-method> <!-- setUp -->
        <test-method signature="enterDetailsContactForm(java.lang.String,java.lang.String,java.lang.String,java.lang.String)[pri:0, instance:com.crm.qa.testCases.ContactsPageTest@5f8edcc5]" started-at="2025-06-12T19:11:55 IST" name="enterDetailsContactForm" data-provider="getTestData" finished-at="2025-06-12T19:12:15 IST" duration-ms="20365" status="PASS">
          <params>
            <param index="0">
              <value>
                <![CDATA[Andy]]>
              </value>
            </param>
            <param index="1">
              <value>
                <![CDATA[flower]]>
              </value>
            </param>
            <param index="2">
              <value>
                <![CDATA[rcb]]>
              </value>
            </param>
            <param index="3">
              <value>
                <![CDATA[andy.flower12@yopmail.com]]>
              </value>
            </param>
          </params>
          <reporter-output>
          </reporter-output>
        </test-method> <!-- enterDetailsContactForm -->
        <test-method is-config="true" signature="tearDown()[pri:0, instance:com.crm.qa.testCases.ContactsPageTest@5f8edcc5]" started-at="2025-06-12T19:12:15 IST" name="tearDown" finished-at="2025-06-12T19:12:16 IST" duration-ms="440" status="PASS">
          <reporter-output>
          </reporter-output>
        </test-method> <!-- tearDown -->
        <test-method is-config="true" signature="setUp()[pri:0, instance:com.crm.qa.testCases.ContactsPageTest@5f8edcc5]" started-at="2025-06-12T19:12:16 IST" name="setUp" finished-at="2025-06-12T19:12:23 IST" duration-ms="7411" status="PASS">
          <reporter-output>
          </reporter-output>
        </test-method> <!-- setUp -->
        <test-method signature="enterDetailsContactForm(java.lang.String,java.lang.String,java.lang.String,java.lang.String)[pri:0, instance:com.crm.qa.testCases.ContactsPageTest@5f8edcc5]" started-at="2025-06-12T19:12:23 IST" name="enterDetailsContactForm" data-provider="getTestData" finished-at="2025-06-12T19:12:45 IST" duration-ms="21320" status="PASS">
          <params>
            <param index="0">
              <value>
                <![CDATA[Ricky]]>
              </value>
            </param>
            <param index="1">
              <value>
                <![CDATA[ponting]]>
              </value>
            </param>
            <param index="2">
              <value>
                <![CDATA[pkings]]>
              </value>
            </param>
            <param index="3">
              <value>
                <![CDATA[ricky.ponting123@yopmail.com]]>
              </value>
            </param>
          </params>
          <reporter-output>
          </reporter-output>
        </test-method> <!-- enterDetailsContactForm -->
        <test-method is-config="true" signature="tearDown()[pri:0, instance:com.crm.qa.testCases.ContactsPageTest@5f8edcc5]" started-at="2025-06-12T19:12:45 IST" name="tearDown" finished-at="2025-06-12T19:12:45 IST" duration-ms="466" status="PASS">
          <reporter-output>
          </reporter-output>
        </test-method> <!-- tearDown -->
        <test-method is-config="true" signature="setUp()[pri:0, instance:com.crm.qa.testCases.ContactsPageTest@5f8edcc5]" started-at="2025-06-12T19:12:45 IST" name="setUp" finished-at="2025-06-12T19:12:53 IST" duration-ms="7652" status="PASS">
          <reporter-output>
          </reporter-output>
        </test-method> <!-- setUp -->
        <test-method signature="enterDetailsContactForm(java.lang.String,java.lang.String,java.lang.String,java.lang.String)[pri:0, instance:com.crm.qa.testCases.ContactsPageTest@5f8edcc5]" started-at="2025-06-12T19:12:53 IST" name="enterDetailsContactForm" data-provider="getTestData" finished-at="2025-06-12T19:13:14 IST" duration-ms="21365" status="PASS">
          <params>
            <param index="0">
              <value>
                <![CDATA[Rahul]]>
              </value>
            </param>
            <param index="1">
              <value>
                <![CDATA[dravid]]>
              </value>
            </param>
            <param index="2">
              <value>
                <![CDATA[rajasthanroyal]]>
              </value>
            </param>
            <param index="3">
              <value>
                <![CDATA[Rahul.dravid89@yopmail.com]]>
              </value>
            </param>
          </params>
          <reporter-output>
          </reporter-output>
        </test-method> <!-- enterDetailsContactForm -->
        <test-method is-config="true" signature="tearDown()[pri:0, instance:com.crm.qa.testCases.ContactsPageTest@5f8edcc5]" started-at="2025-06-12T19:13:14 IST" name="tearDown" finished-at="2025-06-12T19:13:15 IST" duration-ms="442" status="PASS">
          <reporter-output>
          </reporter-output>
        </test-method> <!-- tearDown -->
        <test-method is-config="true" signature="setUp()[pri:0, instance:com.crm.qa.testCases.ContactsPageTest@5f8edcc5]" started-at="2025-06-12T19:13:15 IST" name="setUp" finished-at="2025-06-12T19:13:21 IST" duration-ms="6857" status="PASS">
          <reporter-output>
          </reporter-output>
        </test-method> <!-- setUp -->
        <test-method signature="validateContactsLabel()[pri:0, instance:com.crm.qa.testCases.ContactsPageTest@5f8edcc5]" started-at="2025-06-12T19:13:21 IST" name="validateContactsLabel" finished-at="2025-06-12T19:13:38 IST" duration-ms="16159" status="PASS">
          <reporter-output>
          </reporter-output>
        </test-method> <!-- validateContactsLabel -->
        <test-method is-config="true" signature="tearDown()[pri:0, instance:com.crm.qa.testCases.ContactsPageTest@5f8edcc5]" started-at="2025-06-12T19:13:38 IST" name="tearDown" finished-at="2025-06-12T19:13:38 IST" duration-ms="466" status="PASS">
          <reporter-output>
          </reporter-output>
        </test-method> <!-- tearDown -->
      </class> <!-- com.crm.qa.testCases.ContactsPageTest -->
    </test> <!-- Free CRM App Test Cases -->
  </suite> <!-- Test Suite -->
</testng-results>
