<?xml version="1.0" encoding="UTF-8"?>
<!-- Generated by org.testng.reporters.JUnitXMLReporter -->
<testsuite ignored="0" hostname="AbhishekKumarPC" failures="0" tests="6" name="Free CRM App Test Cases" time="133.065" errors="0" timestamp="2025-06-12T19:13:58 IST">
  <testcase classname="com.crm.qa.testCases.ContactsPageTest" name="enterDetailsContactForm" time="20.365"/>
  <testcase classname="com.crm.qa.testCases.ContactsPageTest" name="enterDetailsContactForm" time="21.32"/>
  <testcase classname="com.crm.qa.testCases.ContactsPageTest" name="enterDetailsContactForm" time="21.365"/>
  <testcase classname="com.crm.qa.testCases.ContactsPageTest" name="validateContactsLabel" time="16.159"/>
  <testcase classname="com.crm.qa.testCases.HomePageTest" name="verifyHomePageTitle" time="0.014"/>
  <testcase classname="com.crm.qa.testCases.HomePageTest" name="verifyUserName" time="2.099"/>
</testsuite> <!-- Free CRM App Test Cases -->
