<?xml version="1.0" encoding="UTF-8"?>
<testng-results ignored="0" total="6" passed="6" failed="0" skipped="0">
  <reporter-output>
  </reporter-output>
  <suite started-at="2025-06-11T09:32:28 IST" name="Test Suite" finished-at="2025-06-11T09:35:21 IST" duration-ms="172884">
    <groups>
    </groups>
    <test started-at="2025-06-11T09:32:28 IST" name="Free CRM App Test Cases" finished-at="2025-06-11T09:35:21 IST" duration-ms="172884">
      <class name="com.crm.qa.testCases.HomePageTest">
        <test-method is-config="true" signature="setUp()[pri:0, instance:com.crm.qa.testCases.HomePageTest@37654521]" started-at="2025-06-11T09:34:50 IST" name="setUp" finished-at="2025-06-11T09:35:07 IST" duration-ms="17631" status="PASS">
          <reporter-output>
          </reporter-output>
        </test-method> <!-- setUp -->
        <test-method signature="verifyHomePageTitle()[pri:1, instance:com.crm.qa.testCases.HomePageTest@37654521]" started-at="2025-06-11T09:35:07 IST" name="verifyHomePageTitle" finished-at="2025-06-11T09:35:07 IST" duration-ms="23" status="PASS">
          <reporter-output>
          </reporter-output>
        </test-method> <!-- verifyHomePageTitle -->
        <test-method is-config="true" signature="tearDown()[pri:0, instance:com.crm.qa.testCases.HomePageTest@37654521]" started-at="2025-06-11T09:35:07 IST" name="tearDown" finished-at="2025-06-11T09:35:08 IST" duration-ms="320" status="PASS">
          <reporter-output>
          </reporter-output>
        </test-method> <!-- tearDown -->
        <test-method is-config="true" signature="setUp()[pri:0, instance:com.crm.qa.testCases.HomePageTest@37654521]" started-at="2025-06-11T09:35:08 IST" name="setUp" finished-at="2025-06-11T09:35:18 IST" duration-ms="10621" status="PASS">
          <reporter-output>
          </reporter-output>
        </test-method> <!-- setUp -->
        <test-method signature="verifyUserName()[pri:2, instance:com.crm.qa.testCases.HomePageTest@37654521]" started-at="2025-06-11T09:35:18 IST" name="verifyUserName" finished-at="2025-06-11T09:35:21 IST" duration-ms="2220" status="PASS">
          <reporter-output>
          </reporter-output>
        </test-method> <!-- verifyUserName -->
        <test-method is-config="true" signature="tearDown()[pri:0, instance:com.crm.qa.testCases.HomePageTest@37654521]" started-at="2025-06-11T09:35:21 IST" name="tearDown" finished-at="2025-06-11T09:35:21 IST" duration-ms="268" status="PASS">
          <reporter-output>
          </reporter-output>
        </test-method> <!-- tearDown -->
      </class> <!-- com.crm.qa.testCases.HomePageTest -->
      <class name="com.crm.qa.testCases.ContactsPageTest">
        <test-method is-config="true" signature="setUp()[pri:0, instance:com.crm.qa.testCases.ContactsPageTest@2f8dad04]" started-at="2025-06-11T09:32:30 IST" name="setUp" finished-at="2025-06-11T09:32:59 IST" duration-ms="29262" status="PASS">
          <reporter-output>
          </reporter-output>
        </test-method> <!-- setUp -->
        <test-method signature="enterDetailsContactForm(java.lang.String,java.lang.String,java.lang.String,java.lang.String)[pri:0, instance:com.crm.qa.testCases.ContactsPageTest@2f8dad04]" started-at="2025-06-11T09:32:59 IST" name="enterDetailsContactForm" data-provider="getTestData" finished-at="2025-06-11T09:33:19 IST" duration-ms="20099" status="PASS">
          <params>
            <param index="0">
              <value>
                <![CDATA[Andy]]>
              </value>
            </param>
            <param index="1">
              <value>
                <![CDATA[flower]]>
              </value>
            </param>
            <param index="2">
              <value>
                <![CDATA[rcb]]>
              </value>
            </param>
            <param index="3">
              <value>
                <![CDATA[andy.flower12@yopmail.com]]>
              </value>
            </param>
          </params>
          <reporter-output>
          </reporter-output>
        </test-method> <!-- enterDetailsContactForm -->
        <test-method is-config="true" signature="tearDown()[pri:0, instance:com.crm.qa.testCases.ContactsPageTest@2f8dad04]" started-at="2025-06-11T09:33:19 IST" name="tearDown" finished-at="2025-06-11T09:33:20 IST" duration-ms="783" status="PASS">
          <reporter-output>
          </reporter-output>
        </test-method> <!-- tearDown -->
        <test-method is-config="true" signature="setUp()[pri:0, instance:com.crm.qa.testCases.ContactsPageTest@2f8dad04]" started-at="2025-06-11T09:33:20 IST" name="setUp" finished-at="2025-06-11T09:33:32 IST" duration-ms="12404" status="PASS">
          <reporter-output>
          </reporter-output>
        </test-method> <!-- setUp -->
        <test-method signature="enterDetailsContactForm(java.lang.String,java.lang.String,java.lang.String,java.lang.String)[pri:0, instance:com.crm.qa.testCases.ContactsPageTest@2f8dad04]" started-at="2025-06-11T09:33:32 IST" name="enterDetailsContactForm" data-provider="getTestData" finished-at="2025-06-11T09:33:53 IST" duration-ms="20610" status="PASS">
          <params>
            <param index="0">
              <value>
                <![CDATA[Ricky]]>
              </value>
            </param>
            <param index="1">
              <value>
                <![CDATA[ponting]]>
              </value>
            </param>
            <param index="2">
              <value>
                <![CDATA[pkings]]>
              </value>
            </param>
            <param index="3">
              <value>
                <![CDATA[ricky.ponting123@yopmail.com]]>
              </value>
            </param>
          </params>
          <reporter-output>
          </reporter-output>
        </test-method> <!-- enterDetailsContactForm -->
        <test-method is-config="true" signature="tearDown()[pri:0, instance:com.crm.qa.testCases.ContactsPageTest@2f8dad04]" started-at="2025-06-11T09:33:53 IST" name="tearDown" finished-at="2025-06-11T09:33:53 IST" duration-ms="403" status="PASS">
          <reporter-output>
          </reporter-output>
        </test-method> <!-- tearDown -->
        <test-method is-config="true" signature="setUp()[pri:0, instance:com.crm.qa.testCases.ContactsPageTest@2f8dad04]" started-at="2025-06-11T09:33:53 IST" name="setUp" finished-at="2025-06-11T09:34:02 IST" duration-ms="8327" status="PASS">
          <reporter-output>
          </reporter-output>
        </test-method> <!-- setUp -->
        <test-method signature="enterDetailsContactForm(java.lang.String,java.lang.String,java.lang.String,java.lang.String)[pri:0, instance:com.crm.qa.testCases.ContactsPageTest@2f8dad04]" started-at="2025-06-11T09:34:02 IST" name="enterDetailsContactForm" data-provider="getTestData" finished-at="2025-06-11T09:34:23 IST" duration-ms="21230" status="PASS">
          <params>
            <param index="0">
              <value>
                <![CDATA[Rahul]]>
              </value>
            </param>
            <param index="1">
              <value>
                <![CDATA[dravid]]>
              </value>
            </param>
            <param index="2">
              <value>
                <![CDATA[rajasthanroyal]]>
              </value>
            </param>
            <param index="3">
              <value>
                <![CDATA[Rahul.dravid89@yopmail.com]]>
              </value>
            </param>
          </params>
          <reporter-output>
          </reporter-output>
        </test-method> <!-- enterDetailsContactForm -->
        <test-method is-config="true" signature="tearDown()[pri:0, instance:com.crm.qa.testCases.ContactsPageTest@2f8dad04]" started-at="2025-06-11T09:34:23 IST" name="tearDown" finished-at="2025-06-11T09:34:23 IST" duration-ms="366" status="PASS">
          <reporter-output>
          </reporter-output>
        </test-method> <!-- tearDown -->
        <test-method is-config="true" signature="setUp()[pri:0, instance:com.crm.qa.testCases.ContactsPageTest@2f8dad04]" started-at="2025-06-11T09:34:23 IST" name="setUp" finished-at="2025-06-11T09:34:34 IST" duration-ms="10814" status="PASS">
          <reporter-output>
          </reporter-output>
        </test-method> <!-- setUp -->
        <test-method signature="validateContactsLabel()[pri:0, instance:com.crm.qa.testCases.ContactsPageTest@2f8dad04]" started-at="2025-06-11T09:34:34 IST" name="validateContactsLabel" finished-at="2025-06-11T09:34:49 IST" duration-ms="15336" status="PASS">
          <reporter-output>
          </reporter-output>
        </test-method> <!-- validateContactsLabel -->
        <test-method is-config="true" signature="tearDown()[pri:0, instance:com.crm.qa.testCases.ContactsPageTest@2f8dad04]" started-at="2025-06-11T09:34:49 IST" name="tearDown" finished-at="2025-06-11T09:34:50 IST" duration-ms="374" status="PASS">
          <reporter-output>
          </reporter-output>
        </test-method> <!-- tearDown -->
      </class> <!-- com.crm.qa.testCases.ContactsPageTest -->
    </test> <!-- Free CRM App Test Cases -->
  </suite> <!-- Test Suite -->
</testng-results>
